Compiling the C compiler identification source file "CMakeCCompilerId.c" failed.
Compiler: /usr/bin/cc 
Build flags: 
Id flags:  

The output was:
1
/usr/bin/ld: cannot find Scrt1.o: Nie ma takiego pliku ani katalogu
/usr/bin/ld: cannot find crti.o: Nie ma takiego pliku ani katalogu
collect2: error: ld returned 1 exit status


Compiling the CXX compiler identification source file "CMakeCXXCompilerId.cpp" failed.
Compiler: CMAKE_CXX_COMPILER-NOTFOUND 
Build flags: 
Id flags:  

The output was:
No such file or directory


Compiling the CXX compiler identification source file "CMakeCXXCompilerId.cpp" failed.
Compiler: CMAKE_CXX_COMPILER-NOTFOUND 
Build flags: 
Id flags: -c 

The output was:
No such file or directory


Compiling the CXX compiler identification source file "CMakeCXXCompilerId.cpp" failed.
Compiler: CMAKE_CXX_COMPILER-NOTFOUND 
Build flags: 
Id flags:  

The output was:
No such file or directory


Compiling the CXX compiler identification source file "CMakeCXXCompilerId.cpp" failed.
Compiler: CMAKE_CXX_COMPILER-NOTFOUND 
Build flags: 
Id flags: -c 

The output was:
No such file or directory


Determining if the C compiler works failed with the following output:
Change Dir: /root/CLionProjects/BIAI/cmake-build-debug/CMakeFiles/CMakeTmp

Run Build Command:"/usr/bin/make" "cmTC_091e9/fast"
/usr/bin/make -f CMakeFiles/cmTC_091e9.dir/build.make CMakeFiles/cmTC_091e9.dir/build
make[1]: Wejście do katalogu '/root/CLionProjects/BIAI/cmake-build-debug/CMakeFiles/CMakeTmp'
Building C object CMakeFiles/cmTC_091e9.dir/testCCompiler.c.o
/usr/bin/cc    -o CMakeFiles/cmTC_091e9.dir/testCCompiler.c.o   -c /root/CLionProjects/BIAI/cmake-build-debug/CMakeFiles/CMakeTmp/testCCompiler.c
Linking C executable cmTC_091e9
/root/Dokumenty/clion-2017.3.3/bin/cmake/bin/cmake -E cmake_link_script CMakeFiles/cmTC_091e9.dir/link.txt --verbose=1
/usr/bin/cc      CMakeFiles/cmTC_091e9.dir/testCCompiler.c.o  -o cmTC_091e9 
/usr/bin/ld: cannot find Scrt1.o: Nie ma takiego pliku ani katalogu
/usr/bin/ld: cannot find crti.o: Nie ma takiego pliku ani katalogu
collect2: error: ld returned 1 exit status
CMakeFiles/cmTC_091e9.dir/build.make:97: polecenia dla obiektu 'cmTC_091e9' nie powiodły się
make[1]: *** [cmTC_091e9] Błąd 1
make[1]: Opuszczenie katalogu '/root/CLionProjects/BIAI/cmake-build-debug/CMakeFiles/CMakeTmp'
Makefile:126: polecenia dla obiektu 'cmTC_091e9/fast' nie powiodły się
make: *** [cmTC_091e9/fast] Błąd 2


Compiling the C compiler identification source file "CMakeCCompilerId.c" failed.
Compiler: /usr/bin/cc 
Build flags: 
Id flags:  

The output was:
1
/usr/bin/ld: cannot find Scrt1.o: Nie ma takiego pliku ani katalogu
/usr/bin/ld: cannot find crti.o: Nie ma takiego pliku ani katalogu
collect2: error: ld returned 1 exit status


Compiling the CXX compiler identification source file "CMakeCXXCompilerId.cpp" failed.
Compiler: CMAKE_CXX_COMPILER-NOTFOUND 
Build flags: 
Id flags:  

The output was:
No such file or directory


Compiling the CXX compiler identification source file "CMakeCXXCompilerId.cpp" failed.
Compiler: CMAKE_CXX_COMPILER-NOTFOUND 
Build flags: 
Id flags: -c 

The output was:
No such file or directory


Compiling the CXX compiler identification source file "CMakeCXXCompilerId.cpp" failed.
Compiler: CMAKE_CXX_COMPILER-NOTFOUND 
Build flags: 
Id flags:  

The output was:
No such file or directory


Compiling the CXX compiler identification source file "CMakeCXXCompilerId.cpp" failed.
Compiler: CMAKE_CXX_COMPILER-NOTFOUND 
Build flags: 
Id flags: -c 

The output was:
No such file or directory


Determining if the C compiler works failed with the following output:
Change Dir: /root/CLionProjects/BIAI/cmake-build-debug/CMakeFiles/CMakeTmp

Run Build Command:"/usr/bin/make" "cmTC_59351/fast"
/usr/bin/make -f CMakeFiles/cmTC_59351.dir/build.make CMakeFiles/cmTC_59351.dir/build
make[1]: Wejście do katalogu '/root/CLionProjects/BIAI/cmake-build-debug/CMakeFiles/CMakeTmp'
Building C object CMakeFiles/cmTC_59351.dir/testCCompiler.c.o
/usr/bin/cc    -o CMakeFiles/cmTC_59351.dir/testCCompiler.c.o   -c /root/CLionProjects/BIAI/cmake-build-debug/CMakeFiles/CMakeTmp/testCCompiler.c
Linking C executable cmTC_59351
/root/Dokumenty/clion-2017.3.3/bin/cmake/bin/cmake -E cmake_link_script CMakeFiles/cmTC_59351.dir/link.txt --verbose=1
/usr/bin/cc      CMakeFiles/cmTC_59351.dir/testCCompiler.c.o  -o cmTC_59351 
/usr/bin/ld: cannot find Scrt1.o: Nie ma takiego pliku ani katalogu
/usr/bin/ld: cannot find crti.o: Nie ma takiego pliku ani katalogu
collect2: error: ld returned 1 exit status
CMakeFiles/cmTC_59351.dir/build.make:97: polecenia dla obiektu 'cmTC_59351' nie powiodły się
make[1]: *** [cmTC_59351] Błąd 1
make[1]: Opuszczenie katalogu '/root/CLionProjects/BIAI/cmake-build-debug/CMakeFiles/CMakeTmp'
Makefile:126: polecenia dla obiektu 'cmTC_59351/fast' nie powiodły się
make: *** [cmTC_59351/fast] Błąd 2


